[debug] [2020-02-20T12:28:38.483Z] ----------------------------------------------------------------------
[debug] [2020-02-20T12:28:38.484Z] Command:       C:\Program Files\nodejs\node.exe C:\Users\saran\AppData\Roaming\npm\node_modules\firebase-tools\lib\bin\firebase.js emulators:start
[debug] [2020-02-20T12:28:38.485Z] CLI Version:   7.13.1
[debug] [2020-02-20T12:28:38.485Z] Platform:      win32
[debug] [2020-02-20T12:28:38.485Z] Node Version:  v12.15.0
[debug] [2020-02-20T12:28:38.485Z] Time:          Thu Feb 20 2020 17:58:38 GMT+0530 (India Standard Time)
[debug] [2020-02-20T12:28:38.485Z] ----------------------------------------------------------------------
[debug] [2020-02-20T12:28:38.485Z] 
[debug] [2020-02-20T12:28:38.491Z] > command requires scopes: ["email","openid","https://www.googleapis.com/auth/cloudplatformprojects.readonly","https://www.googleapis.com/auth/firebase","https://www.googleapis.com/auth/cloud-platform"]
[debug] [2020-02-20T12:28:38.492Z] > authorizing via signed-in user
[info] i  emulators: Starting emulators: functions
[warn] !  Your requested "node" version "8" doesn't match your global version "12"
[info] +  functions: Emulator started at http://localhost:5001
[info] i  functions: Watching "E:\development\ObscuraMicro\functions" for Cloud Functions...
[debug] [2020-02-20T12:28:40.575Z] [worker-pool] addWorker(~diagnostic~)
[debug] [2020-02-20T12:28:40.575Z] [worker-pool] Adding worker with key ~diagnostic~, total=1
[debug] [2020-02-20T12:28:40.575Z] [worker-pool] submitWork(triggerId=)
[debug] [2020-02-20T12:28:40.576Z] [worker-~diagnostic~-ddb2abf3-4c41-41a5-84ed-4366c744d9c1]: Assigning socketPath: \\?\pipe\E:\development\ObscuraMicro\functions\4220
[debug] [2020-02-20T12:28:40.576Z] [worker-~diagnostic~-ddb2abf3-4c41-41a5-84ed-4366c744d9c1]: BUSY
[debug] [2020-02-20T12:28:40.887Z] [runtime-status] [4220] Functions runtime initialized. {"cwd":"E:\\development\\ObscuraMicro\\functions","node_version":"12.15.0"}
[debug] [2020-02-20T12:28:40.887Z] [runtime-status] [4220] Disabled runtime features: undefined
[debug] [2020-02-20T12:28:40.891Z] [runtime-status] [4220] Resolved module firebase-admin {"declared":true,"installed":true,"version":"8.9.2","resolution":"E:\\development\\ObscuraMicro\\node_modules\\firebase-admin\\lib\\index.js"}
[warn] !  The Cloud Functions emulator requires the module "firebase-functions" to be installed. This package is in your package.json, but it's not available. You probably need to run "npm install" in your functions directory.
[info] i  functions: Your functions could not be parsed due to an issue with your node_modules (see above)
[debug] [2020-02-20T12:28:40.910Z] [worker-~diagnostic~-ddb2abf3-4c41-41a5-84ed-4366c744d9c1]: exited
[debug] [2020-02-20T12:28:40.910Z] [worker-~diagnostic~-ddb2abf3-4c41-41a5-84ed-4366c744d9c1]: FINISHED
[debug] [2020-02-20T12:34:53.499Z] File E:\development\ObscuraMicro\functions\index.js changed, reloading triggers
[debug] [2020-02-20T12:34:54.499Z] [worker-pool] Cleaned up workers for ~diagnostic~: 1 --> 0
[debug] [2020-02-20T12:34:54.504Z] [worker-pool] addWorker(~diagnostic~)
[debug] [2020-02-20T12:34:54.504Z] [worker-pool] Adding worker with key ~diagnostic~, total=1
[debug] [2020-02-20T12:34:54.505Z] [worker-pool] submitWork(triggerId=)
[debug] [2020-02-20T12:34:54.505Z] [worker-~diagnostic~-d7d54028-446e-43e1-b0f8-73eeababbeda]: Assigning socketPath: \\?\pipe\E:\development\ObscuraMicro\functions\3068
[debug] [2020-02-20T12:34:54.505Z] [worker-~diagnostic~-d7d54028-446e-43e1-b0f8-73eeababbeda]: BUSY
[debug] [2020-02-20T12:34:54.848Z] [runtime-status] [3068] Functions runtime initialized. {"cwd":"E:\\development\\ObscuraMicro\\functions","node_version":"12.15.0"}
[debug] [2020-02-20T12:34:54.848Z] [runtime-status] [3068] Disabled runtime features: undefined
[debug] [2020-02-20T12:34:54.851Z] [runtime-status] [3068] Resolved module firebase-admin {"declared":true,"installed":true,"version":"8.9.2","resolution":"E:\\development\\ObscuraMicro\\node_modules\\firebase-admin\\lib\\index.js"}
[warn] !  The Cloud Functions emulator requires the module "firebase-functions" to be installed. This package is in your package.json, but it's not available. You probably need to run "npm install" in your functions directory.
[info] i  functions: Your functions could not be parsed due to an issue with your node_modules (see above)
[debug] [2020-02-20T12:34:54.879Z] [worker-~diagnostic~-d7d54028-446e-43e1-b0f8-73eeababbeda]: exited
[debug] [2020-02-20T12:34:54.879Z] [worker-~diagnostic~-d7d54028-446e-43e1-b0f8-73eeababbeda]: FINISHED
[debug] [2020-02-20T12:43:42.233Z] File E:\development\ObscuraMicro\functions\index.js changed, reloading triggers
[debug] [2020-02-20T12:43:43.234Z] [worker-pool] Cleaned up workers for ~diagnostic~: 1 --> 0
[debug] [2020-02-20T12:43:43.239Z] [worker-pool] addWorker(~diagnostic~)
[debug] [2020-02-20T12:43:43.239Z] [worker-pool] Adding worker with key ~diagnostic~, total=1
[debug] [2020-02-20T12:43:43.239Z] [worker-pool] submitWork(triggerId=)
[debug] [2020-02-20T12:43:43.239Z] [worker-~diagnostic~-34935fe1-fc38-4c16-8dee-369d1bca5c3d]: Assigning socketPath: \\?\pipe\E:\development\ObscuraMicro\functions\5220
[debug] [2020-02-20T12:43:43.239Z] [worker-~diagnostic~-34935fe1-fc38-4c16-8dee-369d1bca5c3d]: BUSY
[debug] [2020-02-20T12:43:43.615Z] [runtime-status] [5220] Functions runtime initialized. {"cwd":"E:\\development\\ObscuraMicro\\functions","node_version":"12.15.0"}
[debug] [2020-02-20T12:43:43.616Z] [runtime-status] [5220] Disabled runtime features: undefined
[debug] [2020-02-20T12:43:43.618Z] [runtime-status] [5220] Resolved module firebase-admin {"declared":true,"installed":true,"version":"8.9.2","resolution":"E:\\development\\ObscuraMicro\\node_modules\\firebase-admin\\lib\\index.js"}
[warn] !  The Cloud Functions emulator requires the module "firebase-functions" to be installed. This package is in your package.json, but it's not available. You probably need to run "npm install" in your functions directory.
[info] i  functions: Your functions could not be parsed due to an issue with your node_modules (see above)
[debug] [2020-02-20T12:43:43.638Z] [worker-~diagnostic~-34935fe1-fc38-4c16-8dee-369d1bca5c3d]: exited
[debug] [2020-02-20T12:43:43.639Z] [worker-~diagnostic~-34935fe1-fc38-4c16-8dee-369d1bca5c3d]: FINISHED
[debug] [2020-02-20T12:45:06.458Z] File E:\development\ObscuraMicro\functions\index.js changed, reloading triggers
[debug] [2020-02-20T12:45:07.460Z] [worker-pool] Cleaned up workers for ~diagnostic~: 1 --> 0
[debug] [2020-02-20T12:45:07.464Z] [worker-pool] addWorker(~diagnostic~)
[debug] [2020-02-20T12:45:07.464Z] [worker-pool] Adding worker with key ~diagnostic~, total=1
[debug] [2020-02-20T12:45:07.464Z] [worker-pool] submitWork(triggerId=)
[debug] [2020-02-20T12:45:07.464Z] [worker-~diagnostic~-117e635c-6274-4e21-969d-42d57fe943c4]: Assigning socketPath: \\?\pipe\E:\development\ObscuraMicro\functions\9676
[debug] [2020-02-20T12:45:07.464Z] [worker-~diagnostic~-117e635c-6274-4e21-969d-42d57fe943c4]: BUSY
[debug] [2020-02-20T12:45:07.809Z] [runtime-status] [9676] Functions runtime initialized. {"cwd":"E:\\development\\ObscuraMicro\\functions","node_version":"12.15.0"}
[debug] [2020-02-20T12:45:07.810Z] [runtime-status] [9676] Disabled runtime features: undefined
[debug] [2020-02-20T12:45:07.812Z] [runtime-status] [9676] Resolved module firebase-admin {"declared":true,"installed":true,"version":"8.9.2","resolution":"E:\\development\\ObscuraMicro\\node_modules\\firebase-admin\\lib\\index.js"}
[warn] !  The Cloud Functions emulator requires the module "firebase-functions" to be installed. This package is in your package.json, but it's not available. You probably need to run "npm install" in your functions directory.
[info] i  functions: Your functions could not be parsed due to an issue with your node_modules (see above)
[debug] [2020-02-20T12:45:07.829Z] [worker-~diagnostic~-117e635c-6274-4e21-969d-42d57fe943c4]: exited
[debug] [2020-02-20T12:45:07.829Z] [worker-~diagnostic~-117e635c-6274-4e21-969d-42d57fe943c4]: FINISHED
[debug] [2020-02-20T12:46:40.223Z] File E:\development\ObscuraMicro\functions\index.js changed, reloading triggers
